RUN	simulations.CustomerApiSimulation	customerapisimulation	1629747482268	jiusdf	3.6.1
USER	Customer Management Api operations	START	1629747551270
USER	Customer Management Api operations	START	1629747551269
USER	Customer Management Api operations	START	1629747551270
USER	Customer Management Api operations	START	1629747551270
USER	Customer Management Api operations	START	1629747551269
USER	Customer Management Api operations	START	1629747551270
USER	Customer Management Api operations	START	1629747551270
USER	Customer Management Api operations	START	1629747551269
USER	Customer Management Api operations	START	1629747551270
USER	Customer Management Api operations	START	1629747551270
USER	Customer Management Api operations	START	1629747551269
USER	Customer Management Api operations	START	1629747551269
USER	Customer Management Api operations	START	1629747551270
USER	Customer Management Api operations	START	1629747551270
USER	Customer Management Api operations	START	1629747551270
USER	Customer Management Api operations	START	1629747551946
USER	Customer Management Api operations	START	1629747551947
USER	Customer Management Api operations	START	1629747551946
USER	Customer Management Api operations	START	1629747551947
USER	Customer Management Api operations	START	1629747551947
USER	Customer Management Api operations	START	1629747551947
USER	Customer Management Api operations	START	1629747551946
USER	Customer Management Api operations	START	1629747551946
USER	Customer Management Api operations	START	1629747551270
USER	Customer Management Api operations	START	1629747551946
USER	Customer Management Api operations	START	1629747551946
USER	Customer Management Api operations	START	1629747551946
USER	Customer Management Api operations	START	1629747551946
USER	Customer Management Api operations	START	1629747551946
USER	Customer Management Api operations	START	1629747551946
REQUEST		Get all Customer details	1629747551947	1629747555143	OK	 
REQUEST		Get all Customer details	1629747551779	1629747555468	OK	 
REQUEST		Get all Customer details	1629747551952	1629747555469	OK	 
REQUEST		Get all Customer details	1629747551779	1629747555574	OK	 
REQUEST		Get all Customer details	1629747551951	1629747555574	OK	 
REQUEST		Get all Customer details	1629747551949	1629747555575	OK	 
REQUEST		Get all Customer details	1629747551781	1629747555576	OK	 
REQUEST		Get all Customer details	1629747551947	1629747555577	OK	 
REQUEST		Get all Customer details	1629747551779	1629747555577	OK	 
REQUEST		Get all Customer details	1629747551781	1629747555578	OK	 
REQUEST		Get all Customer details	1629747551780	1629747555748	OK	 
REQUEST		Get all Customer details	1629747551779	1629747555749	OK	 
REQUEST		Get all Customer details	1629747551780	1629747555925	OK	 
REQUEST		Get all Customer details	1629747551781	1629747555925	OK	 
REQUEST		Get all Customer details	1629747551952	1629747555927	OK	 
REQUEST		Get all Customer details	1629747551947	1629747556105	OK	 
REQUEST		Get all Customer details	1629747551780	1629747556151	OK	 
REQUEST		Get all Customer details	1629747551947	1629747556155	OK	 
REQUEST		Insert Customer	1629747555728	1629747556155	OK	 
REQUEST		Get all Customer details	1629747551781	1629747556270	OK	 
REQUEST		Get all Customer details	1629747551947	1629747556288	OK	 
REQUEST		Get all Customer details	1629747551950	1629747556306	OK	 
REQUEST		Get all Customer details	1629747551780	1629747556306	OK	 
REQUEST		Insert Customer	1629747556290	1629747556390	OK	 
REQUEST		Get all Customer details	1629747551952	1629747556391	OK	 
REQUEST		Insert Customer	1629747555728	1629747556394	OK	 
REQUEST		Insert Customer	1629747555728	1629747556394	OK	 
REQUEST		Get all Customer details	1629747552038	1629747556394	OK	 
REQUEST		Insert Customer	1629747555728	1629747556394	OK	 
REQUEST		Insert Customer	1629747555749	1629747556629	OK	 
REQUEST		Insert Customer	1629747555728	1629747556630	OK	 
REQUEST		Insert Customer	1629747555749	1629747556630	OK	 
REQUEST		Insert Customer	1629747556307	1629747556631	OK	 
REQUEST		Insert Customer	1629747555728	1629747556635	OK	 
REQUEST		Get all Customer details	1629747551780	1629747556636	OK	 
REQUEST		Get all Customer details	1629747552038	1629747556959	OK	 
REQUEST		Get all Customer details	1629747551779	1629747556959	OK	 
REQUEST		Get by id	1629747556631	1629747556961	OK	 
REQUEST		Get by id	1629747556394	1629747556962	OK	 
REQUEST		Insert Customer	1629747556307	1629747557061	OK	 
REQUEST		Get by id	1629747556394	1629747557061	OK	 
REQUEST		Get by id	1629747556394	1629747557062	OK	 
REQUEST		Get by id	1629747556631	1629747557063	OK	 
REQUEST		Get by id	1629747556632	1629747557221	OK	 
REQUEST		Insert Customer	1629747556394	1629747557221	OK	 
REQUEST		Update Customer	1629747557062	1629747557221	OK	 
REQUEST		Insert Customer	1629747556106	1629747557223	OK	 
REQUEST		Get by id	1629747556156	1629747557223	OK	 
REQUEST		Get all Customer details	1629747551947	1629747557225	OK	 
REQUEST		Insert Customer	1629747556152	1629747557225	OK	 
USER	Customer Management Api operations	END	1629747557225
REQUEST		Get by id	1629747556636	1629747557306	OK	 
REQUEST		Get all Customer details	1629747551779	1629747557306	OK	 
REQUEST		Insert Customer	1629747556391	1629747557308	OK	 
REQUEST		Insert Customer	1629747556155	1629747557385	OK	 
REQUEST		Insert Customer	1629747555928	1629747557386	OK	 
REQUEST		Insert Customer	1629747555728	1629747557453	OK	 
REQUEST		Update Customer	1629747556963	1629747557453	OK	 
REQUEST		Insert Customer	1629747555728	1629747557453	OK	 
REQUEST		Get by id	1629747557062	1629747557453	OK	 
REQUEST		Get by id	1629747556391	1629747557454	OK	 
REQUEST		Insert Customer	1629747555925	1629747557454	OK	 
USER	Customer Management Api operations	END	1629747557454
REQUEST		Update Customer	1629747557064	1629747557455	OK	 
REQUEST		Get all Customer details	1629747551781	1629747557456	OK	 
USER	Customer Management Api operations	END	1629747557456
REQUEST		Get by id	1629747556630	1629747557457	OK	 
REQUEST		Insert Customer	1629747556960	1629747557457	OK	 
REQUEST		Update Customer	1629747556962	1629747557457	OK	 
USER	Customer Management Api operations	END	1629747557458
REQUEST		Insert Customer	1629747556273	1629747557458	OK	 
REQUEST		Get by id	1629747557226	1629747557459	OK	 
REQUEST		Update Customer	1629747557224	1629747557459	OK	 
USER	Customer Management Api operations	END	1629747557460
REQUEST		Insert Customer	1629747555926	1629747557460	OK	 
REQUEST		Insert Customer	1629747555728	1629747557461	OK	 
REQUEST		Insert Customer	1629747557307	1629747557462	OK	 
REQUEST		Insert Customer	1629747556960	1629747557462	OK	 
REQUEST		Insert Customer	1629747555728	1629747557460	OK	 
REQUEST		Update Customer	1629747557307	1629747557464	OK	 
REQUEST		Insert Customer	1629747556636	1629747557465	OK	 
REQUEST		Insert Customer	1629747557226	1629747557464	OK	 
REQUEST		Update Customer	1629747557063	1629747557465	OK	 
REQUEST		Update Customer	1629747557221	1629747557466	OK	 
REQUEST		Get by id	1629747557308	1629747557466	OK	 
USER	Customer Management Api operations	END	1629747557465
USER	Customer Management Api operations	END	1629747557466
USER	Customer Management Api operations	END	1629747557466
REQUEST		Get by id	1629747557221	1629747557467	OK	 
REQUEST		Get by id	1629747557224	1629747557468	OK	 
REQUEST		Get by id	1629747557386	1629747559329	OK	 
REQUEST		Get by id	1629747557454	1629747559333	OK	 
REQUEST		Update Customer	1629747557469	1629747559648	OK	 
REQUEST		Get by id	1629747557465	1629747559648	OK	 
REQUEST		Update Customer	1629747557454	1629747559648	OK	 
REQUEST		Get by id	1629747557459	1629747559649	OK	 
REQUEST		Update Customer	1629747557469	1629747559651	OK	 
REQUEST		Get by id	1629747557453	1629747559651	OK	 
REQUEST		Update Customer	1629747557454	1629747559653	OK	 
USER	Customer Management Api operations	END	1629747559649
USER	Customer Management Api operations	END	1629747559649
USER	Customer Management Api operations	END	1629747559652
USER	Customer Management Api operations	END	1629747559654
REQUEST		Update Customer	1629747557457	1629747559656	OK	 
USER	Customer Management Api operations	END	1629747559657
REQUEST		Get by id	1629747557458	1629747559662	OK	 
REQUEST		Get by id	1629747557463	1629747559662	OK	 
REQUEST		Get by id	1629747557460	1629747559662	OK	 
REQUEST		Get by id	1629747557463	1629747559665	OK	 
REQUEST		Update Customer	1629747559649	1629747559666	OK	 
USER	Customer Management Api operations	END	1629747559667
REQUEST		Get by id	1629747557463	1629747559807	OK	 
REQUEST		Update Customer	1629747559334	1629747559807	OK	 
REQUEST		Update Customer	1629747559650	1629747559807	OK	 
USER	Customer Management Api operations	END	1629747559809
USER	Customer Management Api operations	END	1629747559809
REQUEST		Update Customer	1629747559330	1629747559813	OK	 
REQUEST		Get by id	1629747557463	1629747559814	OK	 
USER	Customer Management Api operations	END	1629747559814
REQUEST		Get by id	1629747557454	1629747559817	OK	 
REQUEST		Update Customer	1629747559663	1629747559818	OK	 
REQUEST		Update Customer	1629747557459	1629747559818	OK	 
USER	Customer Management Api operations	END	1629747559819
USER	Customer Management Api operations	END	1629747559819
REQUEST		Update Customer	1629747559652	1629747559819	OK	 
USER	Customer Management Api operations	END	1629747559820
REQUEST		Update Customer	1629747559816	1629747559823	OK	 
REQUEST		Update Customer	1629747559818	1629747559824	OK	 
USER	Customer Management Api operations	END	1629747559824
USER	Customer Management Api operations	END	1629747559825
REQUEST		Get by id	1629747557467	1629747559826	OK	 
REQUEST		Update Customer	1629747557467	1629747559852	OK	 
USER	Customer Management Api operations	END	1629747559853
REQUEST		Get by id	1629747557465	1629747559943	OK	 
REQUEST		Update Customer	1629747559663	1629747559943	OK	 
REQUEST		Insert Customer	1629747557456	1629747559944	OK	 
USER	Customer Management Api operations	END	1629747559944
REQUEST		Get by id	1629747559945	1629747559949	OK	 
REQUEST		Update Customer	1629747559944	1629747559950	OK	 
USER	Customer Management Api operations	END	1629747559951
REQUEST		Update Customer	1629747559666	1629747559954	OK	 
USER	Customer Management Api operations	END	1629747559955
REQUEST		Update Customer	1629747559950	1629747559956	OK	 
USER	Customer Management Api operations	END	1629747559957
REQUEST		Update Customer	1629747559809	1629747559965	OK	 
USER	Customer Management Api operations	END	1629747559966
REQUEST		Update Customer	1629747559663	1629747560011	OK	 
USER	Customer Management Api operations	END	1629747560012
REQUEST		Update Customer	1629747559827	1629747560274	OK	 
USER	Customer Management Api operations	END	1629747560275
