RUN	simulations.ProductApiSimulation	productapisimulation	1629705309311	khdkhf	3.6.1
USER	Product Management Api operations	START	1629705379985
USER	Product Management Api operations	START	1629705379986
USER	Product Management Api operations	START	1629705379987
USER	Product Management Api operations	START	1629705379985
USER	Product Management Api operations	START	1629705379986
USER	Product Management Api operations	START	1629705379986
USER	Product Management Api operations	START	1629705381216
USER	Product Management Api operations	START	1629705379986
USER	Product Management Api operations	START	1629705381300
USER	Product Management Api operations	START	1629705379985
USER	Product Management Api operations	START	1629705381304
USER	Product Management Api operations	START	1629705381306
USER	Product Management Api operations	START	1629705381302
USER	Product Management Api operations	START	1629705379985
USER	Product Management Api operations	START	1629705379986
USER	Product Management Api operations	START	1629705381307
USER	Product Management Api operations	START	1629705379986
USER	Product Management Api operations	START	1629705381310
USER	Product Management Api operations	START	1629705381309
USER	Product Management Api operations	START	1629705379986
USER	Product Management Api operations	START	1629705381311
USER	Product Management Api operations	START	1629705379987
USER	Product Management Api operations	START	1629705381301
USER	Product Management Api operations	START	1629705379986
USER	Product Management Api operations	START	1629705379985
USER	Product Management Api operations	START	1629705381301
USER	Product Management Api operations	START	1629705381301
USER	Product Management Api operations	START	1629705381318
USER	Product Management Api operations	START	1629705381320
USER	Product Management Api operations	START	1629705381316
REQUEST		Get all Product details	1629705380451	1629705440465	KO	i.g.h.c.i.RequestTimeoutException: Request timeout to localhost/127.0.0.1:8081 after 60000 ms
REQUEST		Get all Product details	1629705380449	1629705440450	KO	i.g.h.c.i.RequestTimeoutException: Request timeout to localhost/127.0.0.1:8081 after 60000 ms
REQUEST		Get all Product details	1629705380451	1629705440465	KO	i.g.h.c.i.RequestTimeoutException: Request timeout to localhost/127.0.0.1:8081 after 60000 ms
REQUEST		Get all Product details	1629705380451	1629705440465	KO	i.g.h.c.i.RequestTimeoutException: Request timeout to localhost/127.0.0.1:8081 after 60000 ms
REQUEST		Get all Product details	1629705380449	1629705440450	KO	i.g.h.c.i.RequestTimeoutException: Request timeout to localhost/127.0.0.1:8081 after 60000 ms
REQUEST		Get all Product details	1629705380451	1629705440465	KO	i.g.h.c.i.RequestTimeoutException: Request timeout to localhost/127.0.0.1:8081 after 60000 ms
REQUEST		Get all Product details	1629705380451	1629705440465	KO	i.g.h.c.i.RequestTimeoutException: Request timeout to localhost/127.0.0.1:8081 after 60000 ms
REQUEST		Get all Product details	1629705380449	1629705440450	KO	i.g.h.c.i.RequestTimeoutException: Request timeout to localhost/127.0.0.1:8081 after 60000 ms
REQUEST		Get all Product details	1629705380451	1629705440465	KO	i.g.h.c.i.RequestTimeoutException: Request timeout to localhost/127.0.0.1:8081 after 60000 ms
REQUEST		Get all Product details	1629705380451	1629705440465	KO	i.g.h.c.i.RequestTimeoutException: Request timeout to localhost/127.0.0.1:8081 after 60000 ms
REQUEST		Get all Product details	1629705380451	1629705440465	KO	i.g.h.c.i.RequestTimeoutException: Request timeout to localhost/127.0.0.1:8081 after 60000 ms
REQUEST		Get all Product details	1629705380452	1629705440465	KO	i.g.h.c.i.RequestTimeoutException: Request timeout to localhost/127.0.0.1:8081 after 60000 ms
REQUEST		Get all Product details	1629705380451	1629705440465	KO	i.g.h.c.i.RequestTimeoutException: Request timeout to localhost/127.0.0.1:8081 after 60000 ms
REQUEST		Get all Product details	1629705380451	1629705440465	KO	i.g.h.c.i.RequestTimeoutException: Request timeout to localhost/127.0.0.1:8081 after 60000 ms
REQUEST		Get all Product details	1629705380449	1629705440450	KO	i.g.h.c.i.RequestTimeoutException: Request timeout to localhost/127.0.0.1:8081 after 60000 ms
REQUEST		Get all Product details	1629705381217	1629705441229	KO	i.g.h.c.i.RequestTimeoutException: Request timeout to localhost/127.0.0.1:8081 after 60000 ms
REQUEST		Get all Product details	1629705381303	1629705441305	KO	i.g.h.c.i.RequestTimeoutException: Request timeout to localhost/127.0.0.1:8081 after 60000 ms
REQUEST		Get all Product details	1629705381314	1629705441320	KO	i.g.h.c.i.RequestTimeoutException: Request timeout to localhost/127.0.0.1:8081 after 60000 ms
REQUEST		Get all Product details	1629705381306	1629705441320	KO	i.g.h.c.i.RequestTimeoutException: Request timeout to localhost/127.0.0.1:8081 after 60000 ms
REQUEST		Get all Product details	1629705381308	1629705441320	KO	i.g.h.c.i.RequestTimeoutException: Request timeout to localhost/127.0.0.1:8081 after 60000 ms
REQUEST		Get all Product details	1629705381317	1629705441321	KO	i.g.h.c.i.RequestTimeoutException: Request timeout to localhost/127.0.0.1:8081 after 60000 ms
REQUEST		Get all Product details	1629705381316	1629705441321	KO	i.g.h.c.i.RequestTimeoutException: Request timeout to localhost/127.0.0.1:8081 after 60000 ms
REQUEST		Get all Product details	1629705381310	1629705441320	KO	i.g.h.c.i.RequestTimeoutException: Request timeout to localhost/127.0.0.1:8081 after 60000 ms
REQUEST		Get all Product details	1629705381318	1629705441326	KO	i.g.h.c.i.RequestTimeoutException: Request timeout to localhost/127.0.0.1:8081 after 60000 ms
REQUEST		Get all Product details	1629705381305	1629705441320	KO	i.g.h.c.i.RequestTimeoutException: Request timeout to localhost/127.0.0.1:8081 after 60000 ms
REQUEST		Get all Product details	1629705381312	1629705441320	KO	i.g.h.c.i.RequestTimeoutException: Request timeout to localhost/127.0.0.1:8081 after 60000 ms
REQUEST		Get all Product details	1629705381305	1629705441320	KO	i.g.h.c.i.RequestTimeoutException: Request timeout to localhost/127.0.0.1:8081 after 60000 ms
REQUEST		Get all Product details	1629705381319	1629705441326	KO	i.g.h.c.i.RequestTimeoutException: Request timeout to localhost/127.0.0.1:8081 after 60000 ms
REQUEST		Get all Product details	1629705381311	1629705441320	KO	i.g.h.c.i.RequestTimeoutException: Request timeout to localhost/127.0.0.1:8081 after 60000 ms
REQUEST		Get all Product details	1629705381321	1629705441335	KO	i.g.h.c.i.RequestTimeoutException: Request timeout to localhost/127.0.0.1:8081 after 60000 ms
REQUEST		Insert product	1629705441337	1629705452773	OK	 
REQUEST		Insert product	1629705441085	1629705452773	OK	 
REQUEST		Insert product	1629705441330	1629705452773	OK	 
REQUEST		Insert product	1629705441331	1629705452773	OK	 
REQUEST		Insert product	1629705441083	1629705452773	OK	 
REQUEST		Insert product	1629705441326	1629705452774	OK	 
REQUEST		Insert product	1629705441331	1629705453298	OK	 
REQUEST		Insert product	1629705441095	1629705452774	OK	 
REQUEST		Insert product	1629705441100	1629705452773	OK	 
REQUEST		Insert product	1629705441086	1629705452773	OK	 
REQUEST		Insert product	1629705441323	1629705452773	OK	 
REQUEST		Insert product	1629705441105	1629705452772	OK	 
REQUEST		Insert product	1629705441328	1629705453315	OK	 
REQUEST		Insert product	1629705441306	1629705453722	OK	 
REQUEST		Insert product	1629705441099	1629705453804	OK	 
REQUEST		Insert product	1629705441323	1629705453804	OK	 
REQUEST		Insert product	1629705441323	1629705453805	OK	 
REQUEST		Insert product	1629705441101	1629705454145	OK	 
REQUEST		Insert product	1629705441085	1629705454145	OK	 
REQUEST		Insert product	1629705441084	1629705454222	OK	 
REQUEST		Insert product	1629705441329	1629705454222	OK	 
REQUEST		Insert product	1629705441323	1629705454382	OK	 
REQUEST		Insert product	1629705441230	1629705454385	OK	 
REQUEST		Insert product	1629705441088	1629705454806	OK	 
REQUEST		Insert product	1629705441084	1629705454806	OK	 
REQUEST		Insert product	1629705441087	1629705454811	OK	 
REQUEST		Insert product	1629705441090	1629705454991	OK	 
REQUEST		Insert product	1629705441324	1629705455234	OK	 
REQUEST		Insert product	1629705441334	1629705455512	OK	 
REQUEST		Insert product	1629705441084	1629705455512	OK	 
REQUEST		Get by id	1629705453296	1629705471594	OK	 
REQUEST		Get by id	1629705454812	1629705471594	OK	 
REQUEST		Get by id	1629705453305	1629705471594	OK	 
REQUEST		Get by id	1629705453805	1629705471594	OK	 
REQUEST		Get by id	1629705453805	1629705471742	OK	 
REQUEST		Get by id	1629705453301	1629705471741	OK	 
REQUEST		Get by id	1629705454146	1629705471743	OK	 
REQUEST		Get by id	1629705453301	1629705471744	OK	 
REQUEST		Get by id	1629705453296	1629705471749	OK	 
REQUEST		Get by id	1629705454223	1629705471749	OK	 
REQUEST		Get by id	1629705454808	1629705471779	OK	 
REQUEST		Get by id	1629705453296	1629705472127	OK	 
REQUEST		Get by id	1629705454992	1629705472130	OK	 
REQUEST		Get by id	1629705454146	1629705472150	OK	 
REQUEST		Get by id	1629705453296	1629705472150	OK	 
REQUEST		Get by id	1629705455512	1629705472150	OK	 
REQUEST		Get by id	1629705455513	1629705472229	OK	 
REQUEST		Get by id	1629705453297	1629705472229	OK	 
REQUEST		Get by id	1629705454808	1629705472230	OK	 
REQUEST		Get by id	1629705453723	1629705472230	OK	 
REQUEST		Get by id	1629705455236	1629705472230	OK	 
REQUEST		Get by id	1629705453805	1629705472257	OK	 
REQUEST		Get by id	1629705454384	1629705472257	OK	 
REQUEST		Get by id	1629705453316	1629705472258	OK	 
REQUEST		Get by id	1629705454386	1629705472295	OK	 
REQUEST		Get by id	1629705453300	1629705472299	OK	 
REQUEST		Get by id	1629705453313	1629705472350	OK	 
REQUEST		Get by id	1629705454224	1629705472351	OK	 
REQUEST		Get by id	1629705453297	1629705472353	OK	 
REQUEST		Get by id	1629705453299	1629705472583	OK	 
REQUEST		Update product	1629705472259	1629705472705	OK	 
REQUEST		Update product	1629705472151	1629705472685	OK	 
REQUEST		Update product	1629705471780	1629705472685	OK	 
REQUEST		Update product	1629705471743	1629705472700	OK	 
REQUEST		Update product	1629705472300	1629705472700	OK	 
REQUEST		Update product	1629705471678	1629705472685	OK	 
REQUEST		Update product	1629705472131	1629705472577	OK	 
REQUEST		Update product	1629705471743	1629705472574	OK	 
REQUEST		Update product	1629705471678	1629705472685	OK	 
REQUEST		Update product	1629705471750	1629705472579	OK	 
REQUEST		Update product	1629705472256	1629705472576	OK	 
REQUEST		Update product	1629705471678	1629705472574	OK	 
REQUEST		Update product	1629705471745	1629705472686	OK	 
REQUEST		Update product	1629705472256	1629705472687	OK	 
REQUEST		Update product	1629705471743	1629705472532	OK	 
USER	Product Management Api operations	END	1629705472745
USER	Product Management Api operations	END	1629705472746
USER	Product Management Api operations	END	1629705472746
REQUEST		Update product	1629705471750	1629705472748	OK	 
USER	Product Management Api operations	END	1629705472747
USER	Product Management Api operations	END	1629705472747
USER	Product Management Api operations	END	1629705472747
USER	Product Management Api operations	END	1629705472748
USER	Product Management Api operations	END	1629705472748
USER	Product Management Api operations	END	1629705472748
USER	Product Management Api operations	END	1629705472749
REQUEST		Update product	1629705472585	1629705472749	OK	 
USER	Product Management Api operations	END	1629705472750
USER	Product Management Api operations	END	1629705472750
USER	Product Management Api operations	END	1629705472751
REQUEST		Update product	1629705472351	1629705472752	OK	 
USER	Product Management Api operations	END	1629705472753
USER	Product Management Api operations	END	1629705472753
REQUEST		Update product	1629705472355	1629705472759	OK	 
REQUEST		Update product	1629705472151	1629705472759	OK	 
REQUEST		Update product	1629705472256	1629705472759	OK	 
REQUEST		Update product	1629705472258	1629705472760	OK	 
REQUEST		Update product	1629705472256	1629705472767	OK	 
USER	Product Management Api operations	END	1629705472754
USER	Product Management Api operations	END	1629705472759
USER	Product Management Api operations	END	1629705472760
USER	Product Management Api operations	END	1629705472760
USER	Product Management Api operations	END	1629705472760
USER	Product Management Api operations	END	1629705472760
USER	Product Management Api operations	END	1629705472768
USER	Product Management Api operations	END	1629705472794
REQUEST		Update product	1629705472128	1629705472875	OK	 
USER	Product Management Api operations	END	1629705472876
REQUEST		Update product	1629705472296	1629705472878	OK	 
USER	Product Management Api operations	END	1629705472879
REQUEST		Update product	1629705472258	1629705472882	OK	 
REQUEST		Update product	1629705472256	1629705472883	OK	 
USER	Product Management Api operations	END	1629705472883
REQUEST		Update product	1629705472351	1629705472886	OK	 
REQUEST		Update product	1629705472151	1629705472886	OK	 
USER	Product Management Api operations	END	1629705472887
USER	Product Management Api operations	END	1629705472887
REQUEST		Update product	1629705471678	1629705472888	OK	 
USER	Product Management Api operations	END	1629705472888
USER	Product Management Api operations	END	1629705472889
