RUN	simulations.CustomerApiSimulation	customerapisimulation	1629747815099	 	3.6.1
USER	Customer Management Api operations	START	1629747830698
USER	Customer Management Api operations	START	1629747830698
USER	Customer Management Api operations	START	1629747830698
USER	Customer Management Api operations	START	1629747830698
USER	Customer Management Api operations	START	1629747830698
USER	Customer Management Api operations	START	1629747830698
USER	Customer Management Api operations	START	1629747830698
USER	Customer Management Api operations	START	1629747830698
USER	Customer Management Api operations	START	1629747830918
USER	Customer Management Api operations	START	1629747830919
USER	Customer Management Api operations	START	1629747830919
USER	Customer Management Api operations	START	1629747830698
USER	Customer Management Api operations	START	1629747830919
USER	Customer Management Api operations	START	1629747830917
USER	Customer Management Api operations	START	1629747830921
USER	Customer Management Api operations	START	1629747830698
USER	Customer Management Api operations	START	1629747830698
USER	Customer Management Api operations	START	1629747830922
USER	Customer Management Api operations	START	1629747830698
USER	Customer Management Api operations	START	1629747830923
USER	Customer Management Api operations	START	1629747830923
USER	Customer Management Api operations	START	1629747830917
USER	Customer Management Api operations	START	1629747830698
USER	Customer Management Api operations	START	1629747830698
USER	Customer Management Api operations	START	1629747830698
USER	Customer Management Api operations	START	1629747830927
USER	Customer Management Api operations	START	1629747830698
USER	Customer Management Api operations	START	1629747830929
USER	Customer Management Api operations	START	1629747830929
USER	Customer Management Api operations	START	1629747830926
REQUEST		Get all Customer details	1629747830931	1629747831414	OK	 
REQUEST		Get all Customer details	1629747830920	1629747831722	OK	 
REQUEST		Get all Customer details	1629747830927	1629747831722	OK	 
REQUEST		Get all Customer details	1629747830760	1629747831725	OK	 
REQUEST		Get all Customer details	1629747830918	1629747831824	OK	 
REQUEST		Get all Customer details	1629747830757	1629747831854	OK	 
REQUEST		Insert Customer	1629747831628	1629747831972	OK	 
REQUEST		Get all Customer details	1629747830919	1629747831982	OK	 
REQUEST		Insert Customer	1629747831825	1629747831990	OK	 
REQUEST		Get all Customer details	1629747830758	1629747831993	OK	 
REQUEST		Insert Customer	1629747831855	1629747831993	OK	 
REQUEST		Insert Customer	1629747831726	1629747831995	OK	 
REQUEST		Get all Customer details	1629747830759	1629747831996	OK	 
REQUEST		Get by id	1629747831979	1629747831999	OK	 
REQUEST		Get by id	1629747831990	1629747831999	OK	 
REQUEST		Get all Customer details	1629747830928	1629747831999	OK	 
REQUEST		Insert Customer	1629747831984	1629747832002	OK	 
REQUEST		Insert Customer	1629747831723	1629747832029	OK	 
REQUEST		Insert Customer	1629747831723	1629747832179	OK	 
REQUEST		Get all Customer details	1629747830759	1629747832224	OK	 
REQUEST		Get all Customer details	1629747830760	1629747832349	OK	 
REQUEST		Get by id	1629747832002	1629747832350	OK	 
REQUEST		Insert Customer	1629747831993	1629747832350	OK	 
REQUEST		Get all Customer details	1629747830757	1629747832352	OK	 
REQUEST		Get all Customer details	1629747830757	1629747832357	OK	 
REQUEST		Get all Customer details	1629747830922	1629747832358	OK	 
REQUEST		Insert Customer	1629747831997	1629747832360	OK	 
REQUEST		Get by id	1629747832351	1629747832360	OK	 
REQUEST		Get all Customer details	1629747830924	1629747832362	OK	 
REQUEST		Get all Customer details	1629747830759	1629747832363	OK	 
REQUEST		Get all Customer details	1629747830757	1629747832448	OK	 
REQUEST		Get all Customer details	1629747830923	1629747832452	OK	 
REQUEST		Get all Customer details	1629747830757	1629747832453	OK	 
REQUEST		Get all Customer details	1629747830757	1629747832454	OK	 
REQUEST		Get by id	1629747831996	1629747832461	OK	 
REQUEST		Get all Customer details	1629747830918	1629747832464	OK	 
REQUEST		Update Customer	1629747832351	1629747832467	OK	 
REQUEST		Insert Customer	1629747832350	1629747832468	OK	 
REQUEST		Update Customer	1629747832001	1629747832469	OK	 
USER	Customer Management Api operations	END	1629747832496
USER	Customer Management Api operations	END	1629747832497
REQUEST		Get by id	1629747832180	1629747832536	OK	 
REQUEST		Get by id	1629747831994	1629747832536	OK	 
REQUEST		Get all Customer details	1629747830930	1629747832550	OK	 
REQUEST		Get all Customer details	1629747830758	1629747832704	OK	 
REQUEST		Get all Customer details	1629747830757	1629747832706	OK	 
REQUEST		Get all Customer details	1629747830923	1629747832781	OK	 
REQUEST		Get all Customer details	1629747830919	1629747832781	OK	 
REQUEST		Get all Customer details	1629747830757	1629747832853	OK	 
REQUEST		Get all Customer details	1629747830920	1629747832854	OK	 
REQUEST		Get all Customer details	1629747830758	1629747832859	OK	 
REQUEST		Insert Customer	1629747832353	1629747833426	OK	 
REQUEST		Insert Customer	1629747832861	1629747833426	OK	 
REQUEST		Insert Customer	1629747832858	1629747833426	OK	 
REQUEST		Insert Customer	1629747832707	1629747833427	OK	 
REQUEST		Update Customer	1629747832537	1629747833428	OK	 
REQUEST		Update Customer	1629747832000	1629747833427	OK	 
REQUEST		Insert Customer	1629747832783	1629747833427	OK	 
REQUEST		Update Customer	1629747832537	1629747833428	OK	 
REQUEST		Insert Customer	1629747832551	1629747833428	OK	 
REQUEST		Insert Customer	1629747832225	1629747833429	OK	 
REQUEST		Insert Customer	1629747832454	1629747833429	OK	 
REQUEST		Insert Customer	1629747832451	1629747833429	OK	 
REQUEST		Insert Customer	1629747832364	1629747833430	OK	 
REQUEST		Insert Customer	1629747832367	1629747833430	OK	 
USER	Customer Management Api operations	END	1629747833429
REQUEST		Insert Customer	1629747832705	1629747833430	OK	 
REQUEST		Insert Customer	1629747832465	1629747833431	OK	 
REQUEST		Insert Customer	1629747832363	1629747833431	OK	 
REQUEST		Insert Customer	1629747832453	1629747833431	OK	 
REQUEST		Insert Customer	1629747832453	1629747833432	OK	 
REQUEST		Insert Customer	1629747832781	1629747833432	OK	 
USER	Customer Management Api operations	END	1629747833431
USER	Customer Management Api operations	END	1629747833431
REQUEST		Insert Customer	1629747832857	1629747833432	OK	 
REQUEST		Update Customer	1629747832361	1629747833459	OK	 
REQUEST		Update Customer	1629747832462	1629747833460	OK	 
USER	Customer Management Api operations	END	1629747833461
USER	Customer Management Api operations	END	1629747833461
REQUEST		Insert Customer	1629747832358	1629747833510	OK	 
REQUEST		Insert Customer	1629747832001	1629747833511	OK	 
REQUEST		Get by id	1629747833432	1629747833567	OK	 
REQUEST		Get by id	1629747833429	1629747833567	OK	 
REQUEST		Get by id	1629747833432	1629747833567	OK	 
REQUEST		Get by id	1629747833427	1629747833567	OK	 
REQUEST		Get by id	1629747833433	1629747833567	OK	 
REQUEST		Get by id	1629747833428	1629747833567	OK	 
REQUEST		Get by id	1629747833427	1629747833569	OK	 
REQUEST		Get by id	1629747833430	1629747833569	OK	 
REQUEST		Get by id	1629747832361	1629747833569	OK	 
REQUEST		Get by id	1629747832030	1629747833571	OK	 
REQUEST		Get by id	1629747832469	1629747833572	OK	 
REQUEST		Get by id	1629747833513	1629747833735	OK	 
REQUEST		Get by id	1629747833431	1629747833735	OK	 
REQUEST		Get by id	1629747833431	1629747833735	OK	 
REQUEST		Get by id	1629747833428	1629747833735	OK	 
REQUEST		Get by id	1629747833431	1629747833784	OK	 
REQUEST		Get by id	1629747833431	1629747833784	OK	 
REQUEST		Get by id	1629747833431	1629747833784	OK	 
REQUEST		Get by id	1629747833432	1629747833785	OK	 
REQUEST		Update Customer	1629747833568	1629747833785	OK	 
REQUEST		Update Customer	1629747833570	1629747833785	OK	 
USER	Customer Management Api operations	END	1629747833786
REQUEST		Get by id	1629747833512	1629747833787	OK	 
USER	Customer Management Api operations	END	1629747833786
REQUEST		Update Customer	1629747833568	1629747833788	OK	 
USER	Customer Management Api operations	END	1629747833788
REQUEST		Get by id	1629747833432	1629747833789	OK	 
REQUEST		Get by id	1629747833430	1629747833952	OK	 
REQUEST		Update Customer	1629747833572	1629747833953	OK	 
REQUEST		Update Customer	1629747833736	1629747833953	OK	 
REQUEST		Update Customer	1629747833785	1629747833952	OK	 
REQUEST		Update Customer	1629747833736	1629747833953	OK	 
REQUEST		Update Customer	1629747833788	1629747833953	OK	 
REQUEST		Update Customer	1629747833573	1629747833955	OK	 
USER	Customer Management Api operations	END	1629747833953
USER	Customer Management Api operations	END	1629747833953
USER	Customer Management Api operations	END	1629747833953
REQUEST		Update Customer	1629747833569	1629747833955	OK	 
USER	Customer Management Api operations	END	1629747833954
USER	Customer Management Api operations	END	1629747833954
USER	Customer Management Api operations	END	1629747833955
USER	Customer Management Api operations	END	1629747833956
REQUEST		Update Customer	1629747833568	1629747833957	OK	 
REQUEST		Update Customer	1629747833568	1629747833957	OK	 
REQUEST		Update Customer	1629747833568	1629747833957	OK	 
USER	Customer Management Api operations	END	1629747833957
REQUEST		Get by id	1629747833430	1629747833958	OK	 
USER	Customer Management Api operations	END	1629747833957
USER	Customer Management Api operations	END	1629747833958
REQUEST		Update Customer	1629747833570	1629747833958	OK	 
USER	Customer Management Api operations	END	1629747833959
REQUEST		Update Customer	1629747833736	1629747833960	OK	 
REQUEST		Update Customer	1629747833568	1629747833960	OK	 
REQUEST		Update Customer	1629747833789	1629747833961	OK	 
USER	Customer Management Api operations	END	1629747833961
REQUEST		Update Customer	1629747833787	1629747833961	OK	 
USER	Customer Management Api operations	END	1629747833961
USER	Customer Management Api operations	END	1629747833961
USER	Customer Management Api operations	END	1629747833962
REQUEST		Update Customer	1629747833959	1629747833963	OK	 
USER	Customer Management Api operations	END	1629747833964
REQUEST		Update Customer	1629747833736	1629747834020	OK	 
REQUEST		Update Customer	1629747833785	1629747834020	OK	 
USER	Customer Management Api operations	END	1629747834020
USER	Customer Management Api operations	END	1629747834021
REQUEST		Update Customer	1629747833787	1629747834022	OK	 
USER	Customer Management Api operations	END	1629747834022
REQUEST		Update Customer	1629747833953	1629747834057	OK	 
USER	Customer Management Api operations	END	1629747834058
