RUN	simulations.AddCustomerApiSimulation	addcustomerapisimulation	1629698013216	khkdsf	3.6.1
USER	Customer Management Api operations	START	1629698075194
USER	Customer Management Api operations	START	1629698075194
USER	Customer Management Api operations	START	1629698075196
USER	Customer Management Api operations	START	1629698075195
USER	Customer Management Api operations	START	1629698075194
USER	Customer Management Api operations	START	1629698075194
USER	Customer Management Api operations	START	1629698075195
USER	Customer Management Api operations	START	1629698075194
USER	Customer Management Api operations	START	1629698075195
USER	Customer Management Api operations	START	1629698075195
USER	Customer Management Api operations	START	1629698075194
USER	Customer Management Api operations	START	1629698075194
USER	Customer Management Api operations	START	1629698078181
USER	Customer Management Api operations	START	1629698075194
USER	Customer Management Api operations	START	1629698075196
USER	Customer Management Api operations	START	1629698078180
USER	Customer Management Api operations	START	1629698078180
USER	Customer Management Api operations	START	1629698075194
USER	Customer Management Api operations	START	1629698078181
USER	Customer Management Api operations	START	1629698078183
USER	Customer Management Api operations	START	1629698078180
USER	Customer Management Api operations	START	1629698078182
USER	Customer Management Api operations	START	1629698078180
USER	Customer Management Api operations	START	1629698078182
USER	Customer Management Api operations	START	1629698078183
USER	Customer Management Api operations	START	1629698078183
USER	Customer Management Api operations	START	1629698078535
USER	Customer Management Api operations	START	1629698078182
USER	Customer Management Api operations	START	1629698078180
USER	Customer Management Api operations	START	1629698078182
REQUEST		Get all customer details	1629698078181	1629698091275	OK	 
REQUEST		Get all customer details	1629698076718	1629698091276	OK	 
REQUEST		Get all customer details	1629698076718	1629698091277	OK	 
REQUEST		Get all customer details	1629698080635	1629698091275	OK	 
REQUEST		Get all customer details	1629698076719	1629698091277	OK	 
REQUEST		Get all customer details	1629698076720	1629698091276	OK	 
REQUEST		Get all customer details	1629698076719	1629698091275	OK	 
REQUEST		Get all customer details	1629698078181	1629698091276	OK	 
REQUEST		Get all customer details	1629698076720	1629698091275	OK	 
REQUEST		Get all customer details	1629698076718	1629698091275	OK	 
REQUEST		Get all customer details	1629698076720	1629698091275	OK	 
REQUEST		Get all customer details	1629698076718	1629698091275	OK	 
REQUEST		Get all customer details	1629698076718	1629698091275	OK	 
REQUEST		Get all customer details	1629698080637	1629698091276	OK	 
REQUEST		Get all customer details	1629698076718	1629698091276	OK	 
REQUEST		Get all customer details	1629698076719	1629698091277	OK	 
REQUEST		Get all customer details	1629698078181	1629698091660	OK	 
REQUEST		Get all customer details	1629698076718	1629698091660	OK	 
REQUEST		Get all customer details	1629698078183	1629698091660	OK	 
REQUEST		Get all customer details	1629698078181	1629698091660	OK	 
REQUEST		Get all customer details	1629698078183	1629698091661	OK	 
REQUEST		Get all customer details	1629698078183	1629698091660	OK	 
REQUEST		Get all customer details	1629698080635	1629698091661	OK	 
REQUEST		Get all customer details	1629698076718	1629698091662	OK	 
REQUEST		Get all customer details	1629698076718	1629698091663	OK	 
REQUEST		Get all customer details	1629698078183	1629698091663	OK	 
REQUEST		Get all customer details	1629698078181	1629698091664	OK	 
REQUEST		Get all customer details	1629698080635	1629698091664	OK	 
REQUEST		Get all customer details	1629698080635	1629698091665	OK	 
REQUEST		Get all customer details	1629698078183	1629698091665	OK	 
REQUEST		Insert customer	1629698091664	1629698097019	OK	 
REQUEST		Insert customer	1629698091639	1629698097019	OK	 
REQUEST		Insert customer	1629698091660	1629698097019	OK	 
REQUEST		Insert customer	1629698091638	1629698097023	OK	 
REQUEST		Insert customer	1629698091639	1629698097023	OK	 
REQUEST		Insert customer	1629698091638	1629698097023	OK	 
REQUEST		Insert customer	1629698091661	1629698097027	OK	 
REQUEST		Insert customer	1629698091638	1629698097035	OK	 
REQUEST		Insert customer	1629698091641	1629698097035	OK	 
REQUEST		Insert customer	1629698091638	1629698097037	OK	 
REQUEST		Insert customer	1629698091639	1629698097037	OK	 
REQUEST		Insert customer	1629698091664	1629698097038	OK	 
REQUEST		Insert customer	1629698091662	1629698097042	OK	 
REQUEST		Insert customer	1629698091661	1629698097048	OK	 
REQUEST		Insert customer	1629698091639	1629698097051	OK	 
REQUEST		Insert customer	1629698091664	1629698097051	OK	 
REQUEST		Insert customer	1629698091663	1629698097052	OK	 
REQUEST		Insert customer	1629698091663	1629698097099	OK	 
REQUEST		Insert customer	1629698091639	1629698097105	OK	 
REQUEST		Insert customer	1629698091662	1629698097216	OK	 
REQUEST		Insert customer	1629698091665	1629698097216	OK	 
REQUEST		Insert customer	1629698091638	1629698097232	OK	 
REQUEST		Insert customer	1629698091640	1629698097463	OK	 
REQUEST		Insert customer	1629698091662	1629698097463	OK	 
REQUEST		Insert customer	1629698091639	1629698097463	OK	 
REQUEST		Insert customer	1629698091665	1629698097463	OK	 
REQUEST		Insert customer	1629698091666	1629698097831	OK	 
REQUEST		Insert customer	1629698091639	1629698097833	OK	 
REQUEST		Insert customer	1629698091640	1629698097834	OK	 
REQUEST		Insert customer	1629698091638	1629698097836	OK	 
REQUEST		Get by id	1629698097024	1629698097920	OK	 
REQUEST		Get by id	1629698097020	1629698097920	OK	 
REQUEST		Get by id	1629698097038	1629698097920	OK	 
REQUEST		Get by id	1629698097024	1629698097923	OK	 
REQUEST		Get by id	1629698097024	1629698097925	OK	 
REQUEST		Get by id	1629698097029	1629698097927	OK	 
REQUEST		Get by id	1629698097020	1629698097930	OK	 
REQUEST		Get by id	1629698097038	1629698097932	OK	 
REQUEST		Get by id	1629698097020	1629698097938	OK	 
REQUEST		Get by id	1629698097051	1629698097942	OK	 
REQUEST		Get by id	1629698097039	1629698097944	OK	 
REQUEST		Get by id	1629698097049	1629698097950	OK	 
REQUEST		Get by id	1629698097053	1629698097952	OK	 
REQUEST		Get by id	1629698097043	1629698097953	OK	 
REQUEST		Get by id	1629698097036	1629698097953	OK	 
REQUEST		Get by id	1629698097100	1629698097960	OK	 
REQUEST		Get by id	1629698097217	1629698097962	OK	 
REQUEST		Get by id	1629698097217	1629698097963	OK	 
REQUEST		Get by id	1629698097051	1629698097963	OK	 
REQUEST		Get by id	1629698097834	1629698097966	OK	 
REQUEST		Get by id	1629698097106	1629698097970	OK	 
REQUEST		Get by id	1629698097463	1629698097971	OK	 
REQUEST		Get by id	1629698097037	1629698097975	OK	 
REQUEST		Get by id	1629698097835	1629698098068	OK	 
REQUEST		Get by id	1629698097233	1629698098069	OK	 
REQUEST		Get by id	1629698097838	1629698098074	OK	 
REQUEST		Get by id	1629698097832	1629698098077	OK	 
REQUEST		Get by id	1629698097832	1629698098079	OK	 
REQUEST		Get by id	1629698097463	1629698098079	OK	 
REQUEST		Get by id	1629698097463	1629698098081	OK	 
REQUEST		Update customer	1629698097952	1629698098639	OK	 
USER	Customer Management Api operations	END	1629698098642
REQUEST		Update customer	1629698097921	1629698098643	OK	 
USER	Customer Management Api operations	END	1629698098644
REQUEST		Update customer	1629698097928	1629698098659	OK	 
REQUEST		Update customer	1629698097971	1629698098660	OK	 
USER	Customer Management Api operations	END	1629698098660
USER	Customer Management Api operations	END	1629698098660
REQUEST		Update customer	1629698097933	1629698098662	OK	 
REQUEST		Update customer	1629698098069	1629698098665	OK	 
REQUEST		Update customer	1629698097945	1629698098665	OK	 
USER	Customer Management Api operations	END	1629698098663
USER	Customer Management Api operations	END	1629698098666
REQUEST		Update customer	1629698098075	1629698098669	OK	 
REQUEST		Update customer	1629698097939	1629698098672	OK	 
REQUEST		Update customer	1629698097976	1629698098674	OK	 
REQUEST		Update customer	1629698097954	1629698098676	OK	 
USER	Customer Management Api operations	END	1629698098666
USER	Customer Management Api operations	END	1629698098670
USER	Customer Management Api operations	END	1629698098673
USER	Customer Management Api operations	END	1629698098674
USER	Customer Management Api operations	END	1629698098677
REQUEST		Update customer	1629698097943	1629698098685	OK	 
REQUEST		Update customer	1629698097930	1629698098685	OK	 
USER	Customer Management Api operations	END	1629698098686
USER	Customer Management Api operations	END	1629698098686
REQUEST		Update customer	1629698097967	1629698098686	OK	 
REQUEST		Update customer	1629698097921	1629698098687	OK	 
USER	Customer Management Api operations	END	1629698098687
USER	Customer Management Api operations	END	1629698098688
REQUEST		Update customer	1629698097927	1629698098874	OK	 
USER	Customer Management Api operations	END	1629698098874
REQUEST		Update customer	1629698098070	1629698098878	OK	 
USER	Customer Management Api operations	END	1629698098879
REQUEST		Update customer	1629698097964	1629698098882	OK	 
USER	Customer Management Api operations	END	1629698098883
REQUEST		Update customer	1629698097964	1629698098887	OK	 
REQUEST		Update customer	1629698097924	1629698098890	OK	 
USER	Customer Management Api operations	END	1629698098888
USER	Customer Management Api operations	END	1629698098891
REQUEST		Update customer	1629698097921	1629698098893	OK	 
USER	Customer Management Api operations	END	1629698098894
REQUEST		Update customer	1629698097972	1629698098895	OK	 
USER	Customer Management Api operations	END	1629698098896
REQUEST		Update customer	1629698097954	1629698098914	OK	 
REQUEST		Update customer	1629698098078	1629698098914	OK	 
USER	Customer Management Api operations	END	1629698098915
USER	Customer Management Api operations	END	1629698098915
REQUEST		Update customer	1629698097961	1629698098917	OK	 
USER	Customer Management Api operations	END	1629698098918
REQUEST		Update customer	1629698097963	1629698098919	OK	 
REQUEST		Update customer	1629698097951	1629698098919	OK	 
USER	Customer Management Api operations	END	1629698098919
USER	Customer Management Api operations	END	1629698098920
REQUEST		Update customer	1629698098080	1629698099056	OK	 
REQUEST		Update customer	1629698098079	1629698099057	OK	 
REQUEST		Update customer	1629698098082	1629698099056	OK	 
USER	Customer Management Api operations	END	1629698099057
USER	Customer Management Api operations	END	1629698099057
USER	Customer Management Api operations	END	1629698099057
