RUN	simulations.AddCustomerSimulation	addcustomersimulation	1629406400992	test api runner	3.6.1
USER	Insert Customer	START	1629406416989
USER	Insert Customer	START	1629406416988
USER	Insert Customer	START	1629406416989
USER	Insert Customer	START	1629406416989
USER	Insert Customer	START	1629406416989
USER	Insert Customer	START	1629406416989
USER	Insert Customer	START	1629406416988
USER	Insert Customer	START	1629406416989
USER	Insert Customer	START	1629406416988
USER	Insert Customer	START	1629406416988
USER	Insert Customer	START	1629406417220
USER	Insert Customer	START	1629406417220
USER	Insert Customer	START	1629406417220
USER	Insert Customer	START	1629406417221
USER	Insert Customer	START	1629406416988
USER	Insert Customer	START	1629406417221
USER	Insert Customer	START	1629406417221
USER	Insert Customer	START	1629406417220
USER	Insert Customer	START	1629406416988
USER	Insert Customer	START	1629406417221
USER	Insert Customer	START	1629406416989
USER	Insert Customer	START	1629406416988
USER	Insert Customer	START	1629406417220
USER	Insert Customer	START	1629406417223
USER	Insert Customer	START	1629406416989
USER	Insert Customer	START	1629406417222
USER	Insert Customer	START	1629406417224
USER	Insert Customer	START	1629406417221
USER	Insert Customer	START	1629406417225
USER	Insert Customer	START	1629406417225
USER	Insert Customer	START	1629406417224
USER	Insert Customer	START	1629406416988
USER	Insert Customer	START	1629406417221
USER	Insert Customer	START	1629406417222
USER	Insert Customer	START	1629406417226
USER	Insert Customer	START	1629406417226
USER	Insert Customer	START	1629406417220
USER	Insert Customer	START	1629406417227
USER	Insert Customer	START	1629406417222
USER	Insert Customer	START	1629406417228
USER	Insert Customer	START	1629406417229
USER	Insert Customer	START	1629406417230
USER	Insert Customer	START	1629406417226
USER	Insert Customer	START	1629406417223
USER	Insert Customer	START	1629406417227
USER	Insert Customer	START	1629406417233
USER	Insert Customer	START	1629406417233
USER	Insert Customer	START	1629406417233
USER	Insert Customer	START	1629406417231
USER	Insert Customer	START	1629406417234
USER	Insert Customer	START	1629406417222
USER	Insert Customer	START	1629406417223
USER	Insert Customer	START	1629406417236
USER	Insert Customer	START	1629406417238
USER	Insert Customer	START	1629406417236
USER	Insert Customer	START	1629406417240
USER	Insert Customer	START	1629406417241
USER	Insert Customer	START	1629406417220
USER	Insert Customer	START	1629406417242
USER	Insert Customer	START	1629406417225
USER	Insert Customer	START	1629406417245
USER	Insert Customer	START	1629406417226
USER	Insert Customer	START	1629406417242
USER	Insert Customer	START	1629406417226
USER	Insert Customer	START	1629406417222
USER	Insert Customer	START	1629406417250
USER	Insert Customer	START	1629406417250
USER	Insert Customer	START	1629406417252
USER	Insert Customer	START	1629406417227
USER	Insert Customer	START	1629406417251
USER	Insert Customer	START	1629406417227
USER	Insert Customer	START	1629406417257
USER	Insert Customer	START	1629406417249
USER	Insert Customer	START	1629406417251
USER	Insert Customer	START	1629406417223
USER	Insert Customer	START	1629406417233
USER	Insert Customer	START	1629406417234
USER	Insert Customer	START	1629406417234
USER	Insert Customer	START	1629406417243
USER	Insert Customer	START	1629406417283
USER	Insert Customer	START	1629406417285
USER	Insert Customer	START	1629406417289
USER	Insert Customer	START	1629406417256
USER	Insert Customer	START	1629406417258
USER	Insert Customer	START	1629406417259
USER	Insert Customer	START	1629406417309
USER	Insert Customer	START	1629406417312
USER	Insert Customer	START	1629406417277
USER	Insert Customer	START	1629406417258
USER	Insert Customer	START	1629406417304
USER	Insert Customer	START	1629406417315
USER	Insert Customer	START	1629406417315
USER	Insert Customer	START	1629406417316
USER	Insert Customer	START	1629406417253
USER	Insert Customer	START	1629406417306
USER	Insert Customer	START	1629406417324
USER	Insert Customer	START	1629406417315
USER	Insert Customer	START	1629406417327
USER	Insert Customer	START	1629406417332
USER	Insert Customer	START	1629406417330
REQUEST		Post customer	1629406417086	1629406419800	OK	 
REQUEST		Post customer	1629406417085	1629406426202	OK	 
REQUEST		Post customer	1629406417085	1629406426202	OK	 
REQUEST		Post customer	1629406417086	1629406426202	OK	 
REQUEST		Post customer	1629406417226	1629406428641	OK	 
REQUEST		Post customer	1629406417226	1629406428741	OK	 
REQUEST		Post customer	1629406417231	1629406428741	OK	 
REQUEST		Post customer	1629406417085	1629406428741	OK	 
REQUEST		Post customer	1629406417087	1629406428742	OK	 
REQUEST		Post customer	1629406417225	1629406428851	OK	 
REQUEST		Post customer	1629406417221	1629406428851	OK	 
REQUEST		Post customer	1629406417315	1629406428851	OK	 
REQUEST		Post customer	1629406417258	1629406428851	OK	 
REQUEST		Post customer	1629406417237	1629406428853	OK	 
REQUEST		Post customer	1629406417228	1629406429309	OK	 
REQUEST		Post customer	1629406417222	1629406429663	OK	 
REQUEST		Post customer	1629406417224	1629406429664	OK	 
REQUEST		Post customer	1629406417232	1629406429664	OK	 
REQUEST		Post customer	1629406417239	1629406430106	OK	 
REQUEST		Post customer	1629406417227	1629406430106	OK	 
REQUEST		Post customer	1629406417087	1629406430106	OK	 
REQUEST		Post customer	1629406417224	1629406430106	OK	 
REQUEST		Post customer	1629406417223	1629406430107	OK	 
REQUEST		Post customer	1629406417252	1629406430107	OK	 
REQUEST		Post customer	1629406417227	1629406430107	OK	 
REQUEST		Post customer	1629406417243	1629406430107	OK	 
REQUEST		Post customer	1629406417225	1629406430108	OK	 
REQUEST		Post customer	1629406417286	1629406430108	OK	 
REQUEST		Post customer	1629406417234	1629406430173	OK	 
REQUEST		Post customer	1629406417236	1629406430174	OK	 
REQUEST		Post customer	1629406417260	1629406430175	OK	 
REQUEST		Post customer	1629406417225	1629406430175	OK	 
REQUEST		Post customer	1629406417250	1629406430175	OK	 
REQUEST		Post customer	1629406417251	1629406430175	OK	 
REQUEST		Post customer	1629406417230	1629406430176	OK	 
REQUEST		Post customer	1629406417223	1629406430177	OK	 
REQUEST		Post customer	1629406417227	1629406430198	OK	 
REQUEST		Post customer	1629406417242	1629406430198	OK	 
REQUEST		Post customer	1629406417221	1629406430198	OK	 
REQUEST		Post customer	1629406417243	1629406430198	OK	 
REQUEST		Post customer	1629406417221	1629406430199	OK	 
REQUEST		Post customer	1629406417234	1629406430199	OK	 
REQUEST		Post customer	1629406417331	1629406430214	OK	 
REQUEST		Post customer	1629406417086	1629406430214	OK	 
REQUEST		Post customer	1629406417327	1629406430274	OK	 
REQUEST		Post customer	1629406417222	1629406430274	OK	 
REQUEST		Post customer	1629406417233	1629406430274	OK	 
REQUEST		Post customer	1629406417241	1629406430274	OK	 
REQUEST		Post customer	1629406417225	1629406430275	OK	 
REQUEST		Post customer	1629406417220	1629406430275	OK	 
REQUEST		Post customer	1629406417222	1629406430275	OK	 
REQUEST		Post customer	1629406417290	1629406430275	OK	 
REQUEST		Post customer	1629406417085	1629406430276	OK	 
REQUEST		Post customer	1629406417314	1629406430276	OK	 
REQUEST		Post customer	1629406417222	1629406430281	OK	 
REQUEST		Post customer	1629406417232	1629406430467	OK	 
REQUEST		Post customer	1629406417235	1629406430467	OK	 
REQUEST		Post customer	1629406417085	1629406430468	OK	 
REQUEST		Post customer	1629406417310	1629406430621	OK	 
REQUEST		Post customer	1629406417253	1629406430621	OK	 
REQUEST		Post customer	1629406417226	1629406430621	OK	 
REQUEST		Post customer	1629406417223	1629406430621	OK	 
REQUEST		Post customer	1629406417316	1629406430621	OK	 
REQUEST		Post customer	1629406417221	1629406430621	OK	 
REQUEST		Post customer	1629406417325	1629406430622	OK	 
REQUEST		Post customer	1629406417248	1629406430622	OK	 
REQUEST		Post customer	1629406417232	1629406430622	OK	 
REQUEST		Post customer	1629406417227	1629406430622	OK	 
REQUEST		Post customer	1629406417330	1629406430775	OK	 
REQUEST		Post customer	1629406417247	1629406430775	OK	 
REQUEST		Post customer	1629406417306	1629406430776	OK	 
REQUEST		Post customer	1629406417086	1629406430777	OK	 
REQUEST		Post customer	1629406417266	1629406430777	OK	 
REQUEST		Post customer	1629406417228	1629406430777	OK	 
REQUEST		Post customer	1629406417257	1629406430778	OK	 
REQUEST		Post customer	1629406417085	1629406430779	OK	 
REQUEST		Post customer	1629406417087	1629406430779	OK	 
REQUEST		Post customer	1629406417232	1629406430779	OK	 
REQUEST		Post customer	1629406417284	1629406430912	OK	 
REQUEST		Post customer	1629406417085	1629406430912	OK	 
REQUEST		Post customer	1629406417332	1629406430915	OK	 
REQUEST		Post customer	1629406417281	1629406430953	OK	 
REQUEST		Post customer	1629406417087	1629406430953	OK	 
REQUEST		Post customer	1629406417243	1629406430953	OK	 
REQUEST		Post customer	1629406417267	1629406430953	OK	 
REQUEST		Post customer	1629406417255	1629406430953	OK	 
REQUEST		Post customer	1629406417234	1629406430954	OK	 
REQUEST		Post customer	1629406417252	1629406430954	OK	 
REQUEST		Post customer	1629406417302	1629406430954	OK	 
REQUEST		Post customer	1629406417316	1629406430954	OK	 
REQUEST		Post customer	1629406417325	1629406430955	OK	 
REQUEST		Post customer	1629406417221	1629406430958	OK	 
REQUEST		Post customer	1629406417233	1629406430958	OK	 
REQUEST		Post customer	1629406417243	1629406430960	OK	 
REQUEST		Post customer	1629406417260	1629406430960	OK	 
REQUEST		Post customer	1629406417226	1629406431070	OK	 
REQUEST		Post customer	1629406417252	1629406431070	OK	 
REQUEST		Post customer	1629406417304	1629406431086	OK	 
REQUEST		Post customer	1629406417087	1629406431086	OK	 
REQUEST		Post customer	1629406417257	1629406431086	OK	 
REQUEST		Get Customer By Id	1629406431650	1629406434153	OK	 
REQUEST		Get Customer By Id	1629406431758	1629406434153	OK	 
REQUEST		Get Customer By Id	1629406431868	1629406434153	OK	 
REQUEST		Get Customer By Id	1629406429209	1629406434153	OK	 
REQUEST		Get Customer By Id	1629406429209	1629406434153	OK	 
REQUEST		Get Customer By Id	1629406431853	1629406434153	OK	 
REQUEST		Get Customer By Id	1629406431760	1629406434155	OK	 
USER	Insert Customer	END	1629406434157
REQUEST		Get Customer By Id	1629406431853	1629406434158	OK	 
REQUEST		Get Customer By Id	1629406422956	1629406434158	OK	 
REQUEST		Get Customer By Id	1629406431853	1629406434158	OK	 
USER	Insert Customer	END	1629406434157
USER	Insert Customer	END	1629406434157
USER	Insert Customer	END	1629406434157
USER	Insert Customer	END	1629406434157
USER	Insert Customer	END	1629406434157
USER	Insert Customer	END	1629406434157
USER	Insert Customer	END	1629406434158
USER	Insert Customer	END	1629406434158
USER	Insert Customer	END	1629406434158
REQUEST		Get Customer By Id	1629406431758	1629406434164	OK	 
REQUEST		Get Customer By Id	1629406431853	1629406434164	OK	 
USER	Insert Customer	END	1629406434164
REQUEST		Get Customer By Id	1629406431758	1629406434164	OK	 
USER	Insert Customer	END	1629406434164
USER	Insert Customer	END	1629406434165
REQUEST		Get Customer By Id	1629406429209	1629406434166	OK	 
USER	Insert Customer	END	1629406434166
REQUEST		Get Customer By Id	1629406432670	1629406434167	OK	 
REQUEST		Get Customer By Id	1629406432324	1629406434167	OK	 
USER	Insert Customer	END	1629406434168
REQUEST		Get Customer By Id	1629406432669	1629406434168	OK	 
REQUEST		Get Customer By Id	1629406432669	1629406434168	OK	 
REQUEST		Get Customer By Id	1629406433107	1629406434169	OK	 
REQUEST		Get Customer By Id	1629406433108	1629406434169	OK	 
USER	Insert Customer	END	1629406434168
USER	Insert Customer	END	1629406434169
USER	Insert Customer	END	1629406434169
USER	Insert Customer	END	1629406434169
USER	Insert Customer	END	1629406434169
REQUEST		Get Customer By Id	1629406433108	1629406434173	OK	 
USER	Insert Customer	END	1629406434174
REQUEST		Get Customer By Id	1629406433108	1629406434175	OK	 
USER	Insert Customer	END	1629406434176
REQUEST		Get Customer By Id	1629406433108	1629406434176	OK	 
USER	Insert Customer	END	1629406434177
REQUEST		Get Customer By Id	1629406433189	1629406434210	OK	 
REQUEST		Get Customer By Id	1629406433124	1629406434210	OK	 
REQUEST		Get Customer By Id	1629406433124	1629406434210	OK	 
REQUEST		Get Customer By Id	1629406433124	1629406434210	OK	 
USER	Insert Customer	END	1629406434211
USER	Insert Customer	END	1629406434211
REQUEST		Get Customer By Id	1629406433190	1629406434211	OK	 
REQUEST		Get Customer By Id	1629406433124	1629406434211	OK	 
USER	Insert Customer	END	1629406434211
REQUEST		Get Customer By Id	1629406433189	1629406434212	OK	 
USER	Insert Customer	END	1629406434211
USER	Insert Customer	END	1629406434212
REQUEST		Get Customer By Id	1629406433189	1629406434212	OK	 
USER	Insert Customer	END	1629406434212
REQUEST		Get Customer By Id	1629406433189	1629406434213	OK	 
USER	Insert Customer	END	1629406434212
USER	Insert Customer	END	1629406434213
USER	Insert Customer	END	1629406434213
REQUEST		Get Customer By Id	1629406433220	1629406434219	OK	 
REQUEST		Get Customer By Id	1629406433204	1629406434219	OK	 
USER	Insert Customer	END	1629406434219
REQUEST		Get Customer By Id	1629406433204	1629406434220	OK	 
USER	Insert Customer	END	1629406434220
USER	Insert Customer	END	1629406434220
REQUEST		Get Customer By Id	1629406433204	1629406434221	OK	 
USER	Insert Customer	END	1629406434221
REQUEST		Get Customer By Id	1629406433220	1629406434221	OK	 
REQUEST		Get Customer By Id	1629406433204	1629406434222	OK	 
USER	Insert Customer	END	1629406434222
USER	Insert Customer	END	1629406434222
REQUEST		Get Customer By Id	1629406433189	1629406434223	OK	 
REQUEST		Get Customer By Id	1629406433206	1629406434223	OK	 
USER	Insert Customer	END	1629406434223
USER	Insert Customer	END	1629406434223
REQUEST		Get Customer By Id	1629406433189	1629406434224	OK	 
USER	Insert Customer	END	1629406434224
REQUEST		Get Customer By Id	1629406433108	1629406434239	OK	 
REQUEST		Get Customer By Id	1629406433190	1629406434239	OK	 
REQUEST		Get Customer By Id	1629406433283	1629406434239	OK	 
REQUEST		Get Customer By Id	1629406433283	1629406434239	OK	 
USER	Insert Customer	END	1629406434239
USER	Insert Customer	END	1629406434239
USER	Insert Customer	END	1629406434239
REQUEST		Get Customer By Id	1629406433204	1629406434239	OK	 
REQUEST		Get Customer By Id	1629406433284	1629406434239	OK	 
USER	Insert Customer	END	1629406434239
USER	Insert Customer	END	1629406434240
USER	Insert Customer	END	1629406434240
REQUEST		Get Customer By Id	1629406433284	1629406434240	OK	 
USER	Insert Customer	END	1629406434241
REQUEST		Get Customer By Id	1629406433472	1629406434242	OK	 
USER	Insert Customer	END	1629406434243
REQUEST		Get Customer By Id	1629406433631	1629406434451	OK	 
USER	Insert Customer	END	1629406434453
REQUEST		Get Customer By Id	1629406433284	1629406434470	OK	 
USER	Insert Customer	END	1629406434471
REQUEST		Get Customer By Id	1629406433472	1629406434473	OK	 
USER	Insert Customer	END	1629406434474
REQUEST		Get Customer By Id	1629406433283	1629406434475	OK	 
USER	Insert Customer	END	1629406434476
REQUEST		Get Customer By Id	1629406433283	1629406434478	OK	 
USER	Insert Customer	END	1629406434478
REQUEST		Get Customer By Id	1629406433283	1629406434479	OK	 
REQUEST		Get Customer By Id	1629406433283	1629406434479	OK	 
REQUEST		Get Customer By Id	1629406433473	1629406434479	OK	 
REQUEST		Get Customer By Id	1629406433283	1629406434479	OK	 
USER	Insert Customer	END	1629406434479
USER	Insert Customer	END	1629406434479
USER	Insert Customer	END	1629406434480
USER	Insert Customer	END	1629406434480
REQUEST		Get Customer By Id	1629406433631	1629406434482	OK	 
USER	Insert Customer	END	1629406434483
REQUEST		Get Customer By Id	1629406433631	1629406434489	OK	 
USER	Insert Customer	END	1629406434490
REQUEST		Get Customer By Id	1629406433283	1629406434518	OK	 
USER	Insert Customer	END	1629406434518
REQUEST		Get Customer By Id	1629406433634	1629406434530	OK	 
REQUEST		Get Customer By Id	1629406433787	1629406434530	OK	 
REQUEST		Get Customer By Id	1629406433631	1629406434530	OK	 
REQUEST		Get Customer By Id	1629406433631	1629406434530	OK	 
USER	Insert Customer	END	1629406434530
USER	Insert Customer	END	1629406434530
USER	Insert Customer	END	1629406434530
REQUEST		Get Customer By Id	1629406433635	1629406434530	OK	 
REQUEST		Get Customer By Id	1629406433631	1629406434531	OK	 
USER	Insert Customer	END	1629406434530
USER	Insert Customer	END	1629406434531
REQUEST		Get Customer By Id	1629406433633	1629406434531	OK	 
USER	Insert Customer	END	1629406434531
REQUEST		Get Customer By Id	1629406433787	1629406434531	OK	 
USER	Insert Customer	END	1629406434531
REQUEST		Get Customer By Id	1629406433788	1629406434531	OK	 
USER	Insert Customer	END	1629406434532
USER	Insert Customer	END	1629406434532
REQUEST		Get Customer By Id	1629406433632	1629406434532	OK	 
USER	Insert Customer	END	1629406434532
REQUEST		Get Customer By Id	1629406433929	1629406434538	OK	 
USER	Insert Customer	END	1629406434539
REQUEST		Get Customer By Id	1629406433928	1629406434540	OK	 
REQUEST		Get Customer By Id	1629406433789	1629406434541	OK	 
REQUEST		Get Customer By Id	1629406433787	1629406434541	OK	 
USER	Insert Customer	END	1629406434540
USER	Insert Customer	END	1629406434541
USER	Insert Customer	END	1629406434541
REQUEST		Get Customer By Id	1629406433789	1629406434542	OK	 
REQUEST		Get Customer By Id	1629406433788	1629406434542	OK	 
USER	Insert Customer	END	1629406434543
USER	Insert Customer	END	1629406434543
REQUEST		Get Customer By Id	1629406433787	1629406434543	OK	 
REQUEST		Get Customer By Id	1629406433787	1629406434543	OK	 
USER	Insert Customer	END	1629406434544
REQUEST		Get Customer By Id	1629406433789	1629406434544	OK	 
USER	Insert Customer	END	1629406434544
USER	Insert Customer	END	1629406434544
REQUEST		Get Customer By Id	1629406433931	1629406434545	OK	 
USER	Insert Customer	END	1629406434545
REQUEST		Get Customer By Id	1629406433959	1629406434547	OK	 
USER	Insert Customer	END	1629406434548
REQUEST		Get Customer By Id	1629406433959	1629406434549	OK	 
USER	Insert Customer	END	1629406434549
REQUEST		Get Customer By Id	1629406433960	1629406434552	OK	 
USER	Insert Customer	END	1629406434553
REQUEST		Get Customer By Id	1629406433959	1629406434554	OK	 
USER	Insert Customer	END	1629406434554
REQUEST		Get Customer By Id	1629406433959	1629406434554	OK	 
REQUEST		Get Customer By Id	1629406433959	1629406434555	OK	 
REQUEST		Get Customer By Id	1629406433959	1629406434555	OK	 
USER	Insert Customer	END	1629406434555
USER	Insert Customer	END	1629406434555
USER	Insert Customer	END	1629406434555
REQUEST		Get Customer By Id	1629406433960	1629406434556	OK	 
REQUEST		Get Customer By Id	1629406433960	1629406434556	OK	 
USER	Insert Customer	END	1629406434556
USER	Insert Customer	END	1629406434557
REQUEST		Get Customer By Id	1629406433959	1629406434558	OK	 
USER	Insert Customer	END	1629406434558
REQUEST		Get Customer By Id	1629406433961	1629406434560	OK	 
REQUEST		Get Customer By Id	1629406433974	1629406434560	OK	 
USER	Insert Customer	END	1629406434561
REQUEST		Get Customer By Id	1629406434086	1629406434561	OK	 
REQUEST		Get Customer By Id	1629406433974	1629406434561	OK	 
USER	Insert Customer	END	1629406434561
USER	Insert Customer	END	1629406434562
USER	Insert Customer	END	1629406434562
REQUEST		Get Customer By Id	1629406434087	1629406434563	OK	 
REQUEST		Get Customer By Id	1629406434102	1629406434563	OK	 
REQUEST		Get Customer By Id	1629406433974	1629406434563	OK	 
USER	Insert Customer	END	1629406434564
USER	Insert Customer	END	1629406434564
USER	Insert Customer	END	1629406434564
REQUEST		Get Customer By Id	1629406434102	1629406434564	OK	 
REQUEST		Get Customer By Id	1629406434086	1629406434564	OK	 
USER	Insert Customer	END	1629406434564
USER	Insert Customer	END	1629406434564
